<?xml version="1.0" encoding="UTF-8"?>
<testsuite xmlns:xsi="http://www.w3.org/2001/XMLSchema-instance" xsi:noNamespaceSchemaLocation="https://maven.apache.org/surefire/maven-surefire-plugin/xsd/surefire-test-report.xsd" name="Examples" time="0.001" tests="5" errors="0" skipped="0" failures="0">
  <properties>
[...]
</properties>
  <testcase name="Example #1" classname="Examples" time="0.384"/>
  <testcase name="Example #1" classname="Examples" time="0"/>
  <testcase name="Example #2" classname="Examples" time="0.004"/>
  <testcase name="Example #2" classname="Examples" time="0"/>
  <testcase name="Example #3" classname="Examples" time="0.006"/>
  <testcase name="Example #3" classname="Examples" time="0"/>
  <testcase name="Example #4" classname="Examples" time="0.007"/>
  <testcase name="Example #4" classname="Examples" time="0"/>
  <testcase name="Example #5" classname="Examples" time="0.009"/>
  <testcase name="Example #5" classname="Examples" time="0"/>
</testsuite>